<?xml version="1.0" encoding="UTF-8"?>
<!-- Generated by org.testng.reporters.JUnitReportReporter -->
<testsuite hostname="sohans-MacBook-Air.local" failures="0" tests="1" name="workingWithUniteTestingTool.WorkingWithHardAssert" time="21.426" errors="0" timestamp="2024-03-13T16:19:02 IST" skipped="0">
  <testcase classname="workingWithUniteTestingTool.WorkingWithHardAssert" name="login" time="21.426"/>
  <system-out>
user is able to open empty browser user is able to maximize browser user is able to open bmw  </system-out>
</testsuite> <!-- workingWithUniteTestingTool.WorkingWithHardAssert -->
