<?xml version="1.0" encoding="UTF-8"?>
<!-- Generated by org.testng.reporters.JUnitReportReporter -->
<testsuite hostname="sohans-MacBook-Air.local" failures="0" tests="2" name="workingWithUniteTestingTool.WorkingwithDataProvider1" time="0.008" errors="0" timestamp="2024-03-16T23:43:08 IST" skipped="0">
  <testcase classname="workingWithUniteTestingTool.WorkingwithDataProvider1" name="detademo" time="0.007"/>
  <system-out/>
  <testcase classname="workingWithUniteTestingTool.WorkingwithDataProvider1" name="detademo" time="0.001"/>
  <system-out/>
</testsuite> <!-- workingWithUniteTestingTool.WorkingwithDataProvider1 -->
