<?xml version="1.0" encoding="UTF-8"?>
<!-- Generated by org.testng.reporters.JUnitReportReporter -->
<testsuite hostname="sohans-MacBook-Air.local" failures="0" tests="2" name="workingWithUniteTestingTool.WorkingWithDataProvider" time="0.011" errors="0" timestamp="2024-03-16T23:35:50 IST" skipped="0">
  <testcase classname="workingWithUniteTestingTool.WorkingWithDataProvider" name="detademo" time="0.009"/>
  <system-out/>
  <testcase classname="workingWithUniteTestingTool.WorkingWithDataProvider" name="detademo" time="0.002"/>
  <system-out/>
</testsuite> <!-- workingWithUniteTestingTool.WorkingWithDataProvider -->
