<?xml version="1.0" encoding="UTF-8"?>
<!-- Generated by org.testng.reporters.JUnitReportReporter -->
<testsuite hostname="sohans-MacBook-Air.local" failures="0" tests="1" name="testScript.Snickers" time="17.566" errors="0" timestamp="2024-03-08T17:11:14 IST" skipped="0">
  <testcase classname="testScript.Snickers" name="snickers" time="17.566"/>
  <system-out/>
</testsuite> <!-- testScript.Snickers -->
