<?xml version="1.0" encoding="UTF-8"?>
<!-- Generated by org.testng.reporters.JUnitReportReporter -->
<testsuite hostname="sohans-MacBook-Air.local" failures="0" tests="1" name="workingWithUniteTestingTool.WorkingwithCrossBrowserTestingEx" time="15.727" errors="0" timestamp="2024-03-13T18:00:46 IST" skipped="0">
  <testcase classname="workingWithUniteTestingTool.WorkingwithCrossBrowserTestingEx" name="browser" time="15.727"/>
  <system-out/>
</testsuite> <!-- workingWithUniteTestingTool.WorkingwithCrossBrowserTestingEx -->
