<?xml version="1.0" encoding="UTF-8"?>
<!-- Generated by org.testng.reporters.JUnitReportReporter -->
<testsuite hostname="sohans-MacBook-Air.local" failures="0" tests="1" name="testScript.ToRunCreta" time="28.322" errors="0" timestamp="2024-03-24T13:04:14 IST" skipped="0">
  <testcase classname="testScript.ToRunCreta" name="creta" time="28.322"/>
  <system-out/>
</testsuite> <!-- testScript.ToRunCreta -->
