<?xml version="1.0" encoding="UTF-8"?>
<!-- Generated by org.testng.reporters.JUnitReportReporter -->
<testsuite hostname="sohans-MacBook-Air.local" failures="0" tests="1" name="workingWithUniteTestingTool.Group" time="12.029" errors="0" timestamp="2024-03-11T15:54:59 IST" skipped="0">
  <testcase classname="workingWithUniteTestingTool.Group" name="payment" time="12.029"/>
  <system-out/>
</testsuite> <!-- workingWithUniteTestingTool.Group -->
