<?xml version="1.0" encoding="UTF-8"?>
<!-- Generated by org.testng.reporters.JUnitReportReporter -->
<testsuite hostname="sohans-MacBook-Air.local" failures="0" tests="1" name="workingWithUniteTestingTool.WorkingWithSoftAssert" time="22.190" errors="0" timestamp="2024-03-13T16:37:08 IST" skipped="0">
  <testcase classname="workingWithUniteTestingTool.WorkingWithSoftAssert" name="login" time="22.190"/>
  <system-out>
user is able to open empty browser user is able to maximize browser user is able to open bmw  </system-out>
</testsuite> <!-- workingWithUniteTestingTool.WorkingWithSoftAssert -->
