<?xml version="1.0" encoding="UTF-8"?>
<!-- Generated by org.testng.reporters.JUnitReportReporter -->
<testsuite hostname="sohans-MacBook-Air.local" failures="0" tests="1" name="testScript.Munch" time="21.821" errors="0" timestamp="2024-03-08T17:15:25 IST" skipped="0">
  <testcase classname="testScript.Munch" name="munch" time="21.821"/>
  <system-out/>
</testsuite> <!-- testScript.Munch -->
