<?xml version="1.0" encoding="UTF-8"?>
<!-- Generated by org.testng.reporters.JUnitReportReporter -->
<testsuite hostname="sohans-MacBook-Air.local" failures="0" tests="1" name="wokingWithPom.TC_Reg_001" time="0.935" errors="0" timestamp="2024-03-20T12:41:05 IST" skipped="0">
  <testcase classname="wokingWithPom.TC_Reg_001" name="register" time="0.935"/>
  <system-out/>
</testsuite> <!-- wokingWithPom.TC_Reg_001 -->
