<?xml version="1.0" encoding="UTF-8"?>
<!-- Generated by org.testng.reporters.JUnitReportReporter -->
<testsuite hostname="sohans-MacBook-Air.local" failures="0" tests="1" name="testScript.Kitkat" time="24.156" errors="0" timestamp="2024-03-08T17:13:35 IST" skipped="0">
  <testcase classname="testScript.Kitkat" name="kitkat" time="24.156"/>
  <system-out/>
</testsuite> <!-- testScript.Kitkat -->
