<?xml version="1.0" encoding="UTF-8"?>
<!-- Generated by org.testng.reporters.JUnitReportReporter -->
<testsuite hostname="sohans-MacBook-Air.local" failures="0" tests="5" name="workingWithUniteTestingTool.Basics1" time="100.005" errors="0" timestamp="2024-03-06T17:14:14 IST" skipped="0">
  <testcase classname="workingWithUniteTestingTool.Basics1" name="run" time="21.654"/>
  <system-out/>
  <testcase classname="workingWithUniteTestingTool.Basics1" name="run" time="21.725"/>
  <system-out/>
  <testcase classname="workingWithUniteTestingTool.Basics1" name="run" time="12.492"/>
  <system-out/>
  <testcase classname="workingWithUniteTestingTool.Basics1" name="run" time="22.585"/>
  <system-out/>
  <testcase classname="workingWithUniteTestingTool.Basics1" name="run" time="21.549"/>
  <system-out/>
</testsuite> <!-- workingWithUniteTestingTool.Basics1 -->
