<?xml version="1.0" encoding="UTF-8"?>
<!-- Generated by org.testng.reporters.JUnitReportReporter -->
<testsuite hostname="sohans-MacBook-Air.local" failures="0" tests="1" name="testScript.Creta" time="19.596" errors="0" timestamp="2024-03-08T17:19:11 IST" skipped="0">
  <testcase classname="testScript.Creta" name="creta" time="19.596"/>
  <system-out/>
</testsuite> <!-- testScript.Creta -->
