<?xml version="1.0" encoding="UTF-8"?>
<!-- Generated by org.testng.reporters.JUnitReportReporter -->
<testsuite hostname="sohans-MacBook-Air.local" failures="0" tests="6" name="workingWithUniteTestingTool.ToReadmultipleDataForDemoWebShop" time="89.010" errors="0" timestamp="2024-03-18T15:11:02 IST" skipped="0">
  <testcase classname="workingWithUniteTestingTool.ToReadmultipleDataForDemoWebShop" name="registerUser" time="16.679"/>
  <system-out/>
  <testcase classname="workingWithUniteTestingTool.ToReadmultipleDataForDemoWebShop" name="registerUser" time="15.143"/>
  <system-out/>
  <testcase classname="workingWithUniteTestingTool.ToReadmultipleDataForDemoWebShop" name="registerUser" time="14.303"/>
  <system-out/>
  <testcase classname="workingWithUniteTestingTool.ToReadmultipleDataForDemoWebShop" name="registerUser" time="14.300"/>
  <system-out/>
  <testcase classname="workingWithUniteTestingTool.ToReadmultipleDataForDemoWebShop" name="registerUser" time="14.401"/>
  <system-out/>
  <testcase classname="workingWithUniteTestingTool.ToReadmultipleDataForDemoWebShop" name="registerUser" time="14.184"/>
  <system-out/>
</testsuite> <!-- workingWithUniteTestingTool.ToReadmultipleDataForDemoWebShop -->
