<?xml version="1.0" encoding="UTF-8"?>
<!-- Generated by org.testng.reporters.JUnitReportReporter -->
<testsuite hostname="sohans-MacBook-Air.local" failures="0" tests="1" name="workingWithUniteTestingTool.WorkingwithCrossBrowserTesting" time="14.988" errors="0" timestamp="2024-03-12T17:18:07 IST" skipped="0">
  <testcase classname="workingWithUniteTestingTool.WorkingwithCrossBrowserTesting" name="browser" time="14.988"/>
  <system-out/>
</testsuite> <!-- workingWithUniteTestingTool.WorkingwithCrossBrowserTesting -->
