<?xml version="1.0" encoding="UTF-8"?>
<!-- Generated by org.testng.reporters.JUnitReportReporter -->
<testsuite hostname="sohans-MacBook-Air.local" failures="0" tests="1" name="testScript.ToRunKitkat" time="35.600" errors="0" timestamp="2024-03-12T16:43:06 IST" skipped="0">
  <testcase classname="testScript.ToRunKitkat" name="kitkat" time="35.600"/>
  <system-out/>
</testsuite> <!-- testScript.ToRunKitkat -->
