<?xml version="1.0" encoding="UTF-8"?>
<!-- Generated by org.testng.reporters.JUnitReportReporter -->
<testsuite hostname="sohans-MacBook-Air.local" failures="0" tests="1" name="testScript.ToRunKia" time="40.872" errors="0" timestamp="2024-03-12T16:43:06 IST" skipped="0">
  <testcase classname="testScript.ToRunKia" name="kia" time="40.872"/>
  <system-out/>
</testsuite> <!-- testScript.ToRunKia -->
