<?xml version="1.0" encoding="UTF-8"?>
<!-- Generated by org.testng.reporters.JUnitReportReporter -->
<testsuite hostname="sohans-MacBook-Air.local" failures="0" tests="1" name="workingWithUniteTestingTool.DemoWebShop" time="11.471" errors="0" timestamp="2024-03-14T16:14:08 IST" skipped="0">
  <testcase classname="workingWithUniteTestingTool.DemoWebShop" name="login" time="11.471"/>
  <system-out/>
</testsuite> <!-- workingWithUniteTestingTool.DemoWebShop -->
