<?xml version="1.0" encoding="UTF-8"?>
<!-- Generated by org.testng.reporters.JUnitReportReporter -->
<testsuite hostname="sohans-MacBook-Air.local" failures="0" tests="1" name="testScript.ToRuncadbury" time="66.082" errors="0" timestamp="2024-03-24T13:03:25 IST" skipped="0">
  <testcase classname="testScript.ToRuncadbury" name="cadbury" time="66.082"/>
  <system-out/>
</testsuite> <!-- testScript.ToRuncadbury -->
