<?xml version="1.0" encoding="UTF-8"?>
<!-- Generated by org.testng.reporters.JUnitReportReporter -->
<testsuite hostname="sohans-MacBook-Air.local" failures="0" tests="1" name="workingwithTestngProject.TC_Demo_001" time="16.950" errors="0" timestamp="2024-03-12T17:29:33 IST" skipped="0">
  <testcase classname="workingwithTestngProject.TC_Demo_001" name="validate_that_user_is_able_to_click_on_Wishlist_link" time="16.950"/>
  <system-out>
user is able to click on wishlist link  </system-out>
</testsuite> <!-- workingwithTestngProject.TC_Demo_001 -->
