<?xml version="1.0" encoding="UTF-8"?>
<!-- Generated by org.testng.reporters.JUnitReportReporter -->
<testsuite hostname="sohans-MacBook-Air.local" failures="0" tests="1" name="workingWithUniteTestingTool.Basic" time="0.013" errors="0" timestamp="2024-03-24T18:29:22 IST" skipped="0">
  <testcase classname="workingWithUniteTestingTool.Basic" name="run" time="0.013"/>
  <system-out>
hello testNg  </system-out>
</testsuite> <!-- workingWithUniteTestingTool.Basic -->
