<?xml version="1.0" encoding="UTF-8"?>
<!-- Generated by org.testng.reporters.JUnitReportReporter -->
<testsuite hostname="sohans-MacBook-Air.local" failures="0" tests="5" name="workingWithUniteTestingTool.WorkingWithDependsOnMethod" time="0.020" errors="0" timestamp="2024-03-07T16:03:48 IST" skipped="0">
  <testcase classname="workingWithUniteTestingTool.WorkingWithDependsOnMethod" name="login" time="0.002"/>
  <system-out/>
  <testcase classname="workingWithUniteTestingTool.WorkingWithDependsOnMethod" name="payment" time="0.002"/>
  <system-out/>
  <testcase classname="workingWithUniteTestingTool.WorkingWithDependsOnMethod" name="register" time="0.013"/>
  <system-out/>
  <testcase classname="workingWithUniteTestingTool.WorkingWithDependsOnMethod" name="search" time="0.002"/>
  <system-out/>
  <testcase classname="workingWithUniteTestingTool.WorkingWithDependsOnMethod" name="cart" time="0.001"/>
  <system-out/>
</testsuite> <!-- workingWithUniteTestingTool.WorkingWithDependsOnMethod -->
