<?xml version="1.0" encoding="UTF-8"?>
<!-- Generated by org.testng.reporters.JUnitReportReporter -->
<testsuite hostname="sohans-MacBook-Air.local" failures="0" tests="2" name="workingWithUniteTestingTool.WorkingWithDependGroups" time="26.605" errors="0" timestamp="2024-03-11T15:54:59 IST" skipped="0">
  <testcase classname="workingWithUniteTestingTool.WorkingWithDependGroups" name="realme" time="10.569"/>
  <system-out/>
  <testcase classname="workingWithUniteTestingTool.WorkingWithDependGroups" name="motorola" time="16.036"/>
  <system-out/>
</testsuite> <!-- workingWithUniteTestingTool.WorkingWithDependGroups -->
