<?xml version="1.0" encoding="UTF-8"?>
<!-- Generated by org.testng.reporters.JUnitReportReporter -->
<testsuite hostname="sohans-MacBook-Air.local" failures="0" tests="3" name="workingWithUniteTestingTool.WorkingWithChronologicalorder" time="0.010" errors="0" timestamp="2024-03-08T16:41:03 IST" skipped="0">
  <testcase classname="workingWithUniteTestingTool.WorkingWithChronologicalorder" name="test1" time="0.006"/>
  <system-out/>
  <testcase classname="workingWithUniteTestingTool.WorkingWithChronologicalorder" name="test3" time="0.002"/>
  <system-out/>
  <testcase classname="workingWithUniteTestingTool.WorkingWithChronologicalorder" name="test2" time="0.002"/>
  <system-out/>
</testsuite> <!-- workingWithUniteTestingTool.WorkingWithChronologicalorder -->
