<?xml version="1.0" encoding="UTF-8"?>
<!-- Generated by org.testng.reporters.JUnitReportReporter -->
<testsuite hostname="sohans-MacBook-Air.local" failures="0" tests="8" name="workingWithUniteTestingTool.WorkingwithPriority" time="0.020" errors="0" timestamp="2024-03-07T16:12:30 IST" skipped="1">
  <testcase classname="workingWithUniteTestingTool.WorkingwithPriority" name="searchProduct" time="0.003"/>
  <system-out/>
  <testcase classname="workingWithUniteTestingTool.WorkingwithPriority" name="login" time="0.009"/>
  <system-out/>
  <testcase classname="workingWithUniteTestingTool.WorkingwithPriority" name="register" time="0.001"/>
  <system-out/>
  <testcase classname="workingWithUniteTestingTool.WorkingwithPriority" name="run" time="0.001"/>
  <system-out/>
  <testcase classname="workingWithUniteTestingTool.WorkingwithPriority" name="addToCart" time="0.001"/>
  <system-out/>
  <testcase classname="workingWithUniteTestingTool.WorkingwithPriority" name="payment" time="0.001"/>
  <system-out/>
  <testcase classname="workingWithUniteTestingTool.WorkingwithPriority" name="closeTheApp" time="0.004"/>
  <system-out/>
  <testcase classname="workingWithUniteTestingTool.WorkingwithPriority" name="testcase">
    <skipped/>
  </testcase> <!-- testcase -->
  <system-out/>
</testsuite> <!-- workingWithUniteTestingTool.WorkingwithPriority -->
